<!DOCTYPE html PUBLIC "-//W3C//DTD XHTML 1.1//EN" "http://www.w3.org/TR/xhtml11/DTD/xhtml11.dtd">
<html xmlns="http://www.w3.org/1999/xhtml">
<head>
<meta http-equiv="content-type" content="text/html; charset=UTF-8"/>
<title>TestNG Report</title>
<style type="text/css">table {margin-bottom:10px;border-collapse:collapse;empty-cells:show}th,td {border:1px solid #009;padding:.25em .5em}th {vertical-align:bottom}td {vertical-align:top}table a {font-weight:bold}.stripe td {background-color: #E6EBF9}.num {text-align:right}.passedodd td {background-color: #3F3}.passedeven td {background-color: #0A0}.skippedodd td {background-color: #DDD}.skippedeven td {background-color: #CCC}.failedodd td,.attn {background-color: #F33}.failedeven td,.stripe .attn {background-color: #D00}.stacktrace {white-space:pre;font-family:monospace}.totop {font-size:85%;text-align:center;border-bottom:2px solid #000}.invisible {display:none}</style>
</head>
<body>
<table>
<tr><th>Test</th><th># Passed</th><th># Skipped</th><th># Failed</th><th>Time (ms)</th><th>Included Groups</th><th>Excluded Groups</th></tr>
<tr><th colspan="7">Suite</th></tr>
<tr><td><a href="#t0">FrameWork</a></td><td class="num">2</td><td class="num attn">1</td><td class="num attn">1</td><td class="num">92,668</td><td></td><td></td></tr>
<tr class="stripe"><td><a href="#t1">ErrorValidation</a></td><td class="num">0</td><td class="num">0</td><td class="num attn">2</td><td class="num">55,877</td><td></td><td></td></tr>
<tr><th>Total</th><th class="num">2</th><th class="num attn">1</th><th class="num attn">3</th><th class="num">148,545</th><th colspan="2"></th></tr>
</table>
<table id='summary'><thead><tr><th>Class</th><th>Method</th><th>Start</th><th>Time (ms)</th></tr></thead><tbody><tr><th colspan="4">Suite</th></tr></tbody><tbody id="t0"><tr><th colspan="4">FrameWork &#8212; failed</th></tr><tr class="failedeven"><td rowspan="1">wealus.FrameWorkDevelopment.FrameWork</td><td><a href="#m0">AddingPoductToCart</a></td><td rowspan="1">1666107724293</td><td rowspan="1">15175</td></tr><tr><th colspan="4">FrameWork &#8212; skipped</th></tr><tr class="skippedeven"><td rowspan="1">wealus.FrameWorkDevelopment.FrameWork</td><td><a href="#m1">verifyOrderHistory</a></td><td rowspan="1">1666107756092</td><td rowspan="1">0</td></tr><tr><th colspan="4">FrameWork &#8212; passed</th></tr><tr class="passedeven"><td rowspan="2">wealus.FrameWorkDevelopment.FrameWork</td><td><a href="#m2">AddingPoductToCart</a></td><td rowspan="2">1666107696110</td><td rowspan="2">8387</td></tr><tr class="passedeven"><td><a href="#m3">AddingPoductToCart</a></td></tr></tbody>
<tbody id="t1"><tr><th colspan="4">ErrorValidation &#8212; failed</th></tr><tr class="failedeven"><td rowspan="2">wealus.FrameWorkDevelopment.ErrorValidation</td><td><a href="#m4">incorrectUserPassedTest</a></td><td rowspan="1">1666107759721</td><td rowspan="1">25290</td></tr><tr class="failedeven"><td><a href="#m5">productValidationError</a></td><td rowspan="1">1666107805165</td><td rowspan="1">6834</td></tr></tbody>
</table>
<h2>FrameWork</h2><h3 id="m0">wealus.FrameWorkDevelopment.FrameWork#AddingPoductToCart</h3><table class="result"><tr class="param"><th>Parameter #1</th></tr><tr class="param stripe"><td>{password=Password@123, productInput=ADIDAS ORIGINAL, email=dummyus@gmail.com}</td></tr><tr><th>Exception</th></tr><tr><td><div class="stacktrace">org.openqa.selenium.TimeoutException: Expected condition failed: waiting for visibility of all elements located by By.xpath: //div[contains(@class,&apos;md-0 &apos;)] (tried for 10 second(s) with 500 milliseconds interval)
Build info: version: &apos;4.4.0&apos;, revision: &apos;e5c75ed026a&apos;
System info: host: &apos;HOME_LAPTOP&apos;, ip: &apos;192.168.157.194&apos;, os.name: &apos;Windows 11&apos;, os.arch: &apos;amd64&apos;, os.version: &apos;10.0&apos;, java.version: &apos;1.8.0_341&apos;
Driver info: org.openqa.selenium.chrome.ChromeDriver
Capabilities {acceptInsecureCerts: false, browserName: chrome, browserVersion: 106.0.5249.119, chrome: {chromedriverVersion: 106.0.5249.61 (511755355844..., userDataDir: C:\Users\AISHWA~1\AppData\L...}, goog:chromeOptions: {debuggerAddress: localhost:51177}, networkConnectionEnabled: false, pageLoadStrategy: normal, platformName: WINDOWS, proxy: Proxy(), se:cdp: ws://localhost:51177/devtoo..., se:cdpVersion: 106.0.5249.119, setWindowRect: true, strictFileInteractability: false, timeouts: {implicit: 0, pageLoad: 300000, script: 30000}, unhandledPromptBehavior: dismiss and notify, webauthn:extension:credBlob: true, webauthn:extension:largeBlob: true, webauthn:virtualAuthenticators: true}
Session ID: 259544e384bae000d48e2a653215793a
	at org.openqa.selenium.support.ui.WebDriverWait.timeoutException(WebDriverWait.java:87)
	at org.openqa.selenium.support.ui.FluentWait.until(FluentWait.java:231)
	at wealus.FrameWorkDevelopment.commonComponents.commonMethods.waituntilElementsToBeVisible(commonMethods.java:24)
	at wealus.FrameWorkDevelopment.pageObjects.ProductsHomePage.getProducts(ProductsHomePage.java:41)
	at wealus.FrameWorkDevelopment.FrameWork.AddingPoductToCart(FrameWork.java:36)
... Removed 25 stack frames</div></td></tr></table><p class="totop"><a href="#summary">back to summary</a></p>
<h3 id="m1">wealus.FrameWorkDevelopment.FrameWork#verifyOrderHistory</h3><table class="result"><tr><th>Exception</th></tr><tr><td><div class="stacktrace">java.lang.Throwable: Method FrameWork.verifyOrderHistory()[pri:0, instance:wealus.FrameWorkDevelopment.FrameWork@2a54a73f] depends on not successfully finished methods
... Removed 18 stack frames</div></td></tr></table><p class="totop"><a href="#summary">back to summary</a></p>
<h3 id="m2">wealus.FrameWorkDevelopment.FrameWork#AddingPoductToCart</h3><table class="result"><tr class="param"><th>Parameter #1</th></tr><tr class="param stripe"><td>{password=Password@123, productInput=ADIDAS ORIGINAL, email=dummyuser@gmail.com}</td></tr></table><p class="totop"><a href="#summary">back to summary</a></p>
<h3 id="m3">wealus.FrameWorkDevelopment.FrameWork#AddingPoductToCart</h3><table class="result"><tr class="param"><th>Parameter #1</th></tr><tr class="param stripe"><td>{password=Password@123, productInput=ADIDAS ORIGINAL, email=demo123@gmail.com}</td></tr></table><p class="totop"><a href="#summary">back to summary</a></p>
<h2>ErrorValidation</h2><h3 id="m4">wealus.FrameWorkDevelopment.ErrorValidation#incorrectUserPassedTest</h3><table class="result"><tr class="param"><th>Parameter #1</th></tr><tr class="param stripe"><td>{password=Password@12, email=dummyuser@gmail.com}</td></tr><tr><th>Exception</th></tr><tr><td><div class="stacktrace">org.openqa.selenium.TimeoutException: Expected condition failed: waiting for visibility of Proxy element for: DefaultElementLocator &apos;By.xpath: //*[contains(text(), &apos;Incorrect email or password.&apos;)]&apos; (tried for 10 second(s) with 500 milliseconds interval)
	at org.openqa.selenium.support.ui.WebDriverWait.timeoutException(WebDriverWait.java:87)
	at org.openqa.selenium.support.ui.FluentWait.until(FluentWait.java:231)
	at wealus.FrameWorkDevelopment.commonComponents.commonMethods.waitForElemetToBrPresent(commonMethods.java:33)
	at wealus.FrameWorkDevelopment.pageObjects.LandingPage.validateErrorMessage(LandingPage.java:38)
	at wealus.FrameWorkDevelopment.ErrorValidation.incorrectUserPassedTest(ErrorValidation.java:22)
Caused by: org.openqa.selenium.NoSuchElementException: no such element: Unable to locate element: {&quot;method&quot;:&quot;xpath&quot;,&quot;selector&quot;:&quot;//*[contains(text(), &apos;Incorrect email or password.&apos;)]&quot;}
  (Session info: chrome=106.0.5249.119)
For documentation on this error, please visit: https://selenium.dev/exceptions/#no_such_element
Build info: version: &apos;4.4.0&apos;, revision: &apos;e5c75ed026a&apos;
System info: host: &apos;HOME_LAPTOP&apos;, ip: &apos;192.168.157.194&apos;, os.name: &apos;Windows 11&apos;, os.arch: &apos;amd64&apos;, os.version: &apos;10.0&apos;, java.version: &apos;1.8.0_341&apos;
Driver info: org.openqa.selenium.chrome.ChromeDriver
Command: [5c9efb72d999e636b6812670f14553ed, findElement {using=xpath, value=//*[contains(text(), &apos;Incorrect email or password.&apos;)]}]
Capabilities {acceptInsecureCerts: false, browserName: chrome, browserVersion: 106.0.5249.119, chrome: {chromedriverVersion: 106.0.5249.61 (511755355844..., userDataDir: C:\Users\AISHWA~1\AppData\L...}, goog:chromeOptions: {debuggerAddress: localhost:51214}, networkConnectionEnabled: false, pageLoadStrategy: normal, platformName: WINDOWS, proxy: Proxy(), se:cdp: ws://localhost:51214/devtoo..., se:cdpVersion: 106.0.5249.119, setWindowRect: true, strictFileInteractability: false, timeouts: {implicit: 0, pageLoad: 300000, script: 30000}, unhandledPromptBehavior: dismiss and notify, webauthn:extension:credBlob: true, webauthn:extension:largeBlob: true, webauthn:virtualAuthenticators: true}
Session ID: 5c9efb72d999e636b6812670f14553ed
	at org.openqa.selenium.remote.codec.w3c.W3CHttpResponseCodec.createException(W3CHttpResponseCodec.java:200)
	at org.openqa.selenium.remote.codec.w3c.W3CHttpResponseCodec.decode(W3CHttpResponseCodec.java:133)
	at org.openqa.selenium.remote.codec.w3c.W3CHttpResponseCodec.decode(W3CHttpResponseCodec.java:53)
	at org.openqa.selenium.remote.HttpCommandExecutor.execute(HttpCommandExecutor.java:184)
	at org.openqa.selenium.remote.service.DriverCommandExecutor.invokeExecute(DriverCommandExecutor.java:167)
	at org.openqa.selenium.remote.service.DriverCommandExecutor.execute(DriverCommandExecutor.java:142)
	at org.openqa.selenium.remote.RemoteWebDriver.execute(RemoteWebDriver.java:547)
	at org.openqa.selenium.remote.ElementLocation$ElementFinder$2.findElement(ElementLocation.java:162)
	at org.openqa.selenium.remote.ElementLocation.findElement(ElementLocation.java:60)
	at org.openqa.selenium.remote.RemoteWebDriver.findElement(RemoteWebDriver.java:365)
	at org.openqa.selenium.remote.RemoteWebDriver.findElement(RemoteWebDriver.java:357)
	at org.openqa.selenium.support.pagefactory.DefaultElementLocator.findElement(DefaultElementLocator.java:70)
	at org.openqa.selenium.support.pagefactory.internal.LocatingElementHandler.invoke(LocatingElementHandler.java:39)
	at com.sun.proxy.$Proxy17.isDisplayed(Unknown Source)
	at org.openqa.selenium.support.ui.ExpectedConditions.elementIfVisible(ExpectedConditions.java:307)
	at org.openqa.selenium.support.ui.ExpectedConditions.access$000(ExpectedConditions.java:40)
	at org.openqa.selenium.support.ui.ExpectedConditions$10.apply(ExpectedConditions.java:293)
	at org.openqa.selenium.support.ui.ExpectedConditions$10.apply(ExpectedConditions.java:290)
	at org.openqa.selenium.support.ui.FluentWait.until(FluentWait.java:208)
	... 28 more
... Removed 29 stack frames</div></td></tr></table><p class="totop"><a href="#summary">back to summary</a></p>
<h3 id="m5">wealus.FrameWorkDevelopment.ErrorValidation#productValidationError</h3><table class="result"><tr class="param"><th>Parameter #1</th></tr><tr class="param stripe"><td>{password=Password@123, correctInput=ADIDAS ORIGINAL, wrongInput=ADIDAS ORIGINA, email=dummyuser@gmail.com}</td></tr><tr><th>Exception</th></tr><tr><td><div class="stacktrace">java.lang.AssertionError: expected [true] but found [false]
	at wealus.FrameWorkDevelopment.ErrorValidation.productValidationError(ErrorValidation.java:35)
... Removed 29 stack frames</div></td></tr></table><p class="totop"><a href="#summary">back to summary</a></p>
</body>
</html>
