<?xml version="1.0" encoding="UTF-8"?>
<testng-results skipped="1" failed="3" ignored="0" total="6" passed="2">
  <reporter-output>
  </reporter-output>
  <suite name="Suite" duration-ms="148750" started-at="2022-10-18T15:41:03Z" finished-at="2022-10-18T15:43:32Z">
    <groups>
      <group name="Login Errors">
        <method signature="ErrorValidation.incorrectUserPassedTest(java.util.HashMap)[pri:0, instance:wealus.FrameWorkDevelopment.ErrorValidation@7e7be63f]" name="incorrectUserPassedTest" class="wealus.FrameWorkDevelopment.ErrorValidation"/>
      </group> <!-- Login Errors -->
    </groups>
    <test name="FrameWork" duration-ms="92668" started-at="2022-10-18T15:41:03Z" finished-at="2022-10-18T15:42:36Z">
      <class name="wealus.FrameWorkDevelopment.FrameWork">
        <test-method status="PASS" signature="launchApplication()[pri:0, instance:wealus.FrameWorkDevelopment.FrameWork@2a54a73f]" name="launchApplication" is-config="true" duration-ms="4827" started-at="2022-10-18T15:41:03Z" finished-at="2022-10-18T15:41:08Z">
          <reporter-output>
          </reporter-output>
        </test-method> <!-- launchApplication -->
        <test-method status="PASS" signature="AddingPoductToCart(java.util.HashMap)[pri:0, instance:wealus.FrameWorkDevelopment.FrameWork@2a54a73f]" name="AddingPoductToCart" duration-ms="7564" started-at="2022-10-18T15:41:08Z" data-provider="getData" finished-at="2022-10-18T15:41:16Z">
          <params>
            <param index="0">
              <value>
                <![CDATA[{password=Password@123, productInput=ADIDAS ORIGINAL, email=demo123@gmail.com}]]>
              </value>
            </param>
          </params>
          <reporter-output>
          </reporter-output>
        </test-method> <!-- AddingPoductToCart -->
        <test-method status="PASS" signature="closeBrowser()[pri:0, instance:wealus.FrameWorkDevelopment.FrameWork@2a54a73f]" name="closeBrowser" is-config="true" duration-ms="16276" started-at="2022-10-18T15:41:16Z" finished-at="2022-10-18T15:41:32Z">
          <reporter-output>
          </reporter-output>
        </test-method> <!-- closeBrowser -->
        <test-method status="PASS" signature="launchApplication()[pri:0, instance:wealus.FrameWorkDevelopment.FrameWork@2a54a73f]" name="launchApplication" is-config="true" duration-ms="3813" started-at="2022-10-18T15:41:32Z" finished-at="2022-10-18T15:41:36Z">
          <reporter-output>
          </reporter-output>
        </test-method> <!-- launchApplication -->
        <test-method status="PASS" signature="AddingPoductToCart(java.util.HashMap)[pri:0, instance:wealus.FrameWorkDevelopment.FrameWork@2a54a73f]" name="AddingPoductToCart" duration-ms="8387" started-at="2022-10-18T15:41:36Z" data-provider="getData" finished-at="2022-10-18T15:41:44Z">
          <params>
            <param index="0">
              <value>
                <![CDATA[{password=Password@123, productInput=ADIDAS ORIGINAL, email=dummyuser@gmail.com}]]>
              </value>
            </param>
          </params>
          <reporter-output>
          </reporter-output>
        </test-method> <!-- AddingPoductToCart -->
        <test-method status="PASS" signature="closeBrowser()[pri:0, instance:wealus.FrameWorkDevelopment.FrameWork@2a54a73f]" name="closeBrowser" is-config="true" duration-ms="16261" started-at="2022-10-18T15:41:44Z" finished-at="2022-10-18T15:42:00Z">
          <reporter-output>
          </reporter-output>
        </test-method> <!-- closeBrowser -->
        <test-method status="PASS" signature="launchApplication()[pri:0, instance:wealus.FrameWorkDevelopment.FrameWork@2a54a73f]" name="launchApplication" is-config="true" duration-ms="3534" started-at="2022-10-18T15:42:00Z" finished-at="2022-10-18T15:42:04Z">
          <reporter-output>
          </reporter-output>
        </test-method> <!-- launchApplication -->
        <test-method status="FAIL" signature="AddingPoductToCart(java.util.HashMap)[pri:0, instance:wealus.FrameWorkDevelopment.FrameWork@2a54a73f]" name="AddingPoductToCart" duration-ms="15175" started-at="2022-10-18T15:42:04Z" data-provider="getData" finished-at="2022-10-18T15:42:19Z">
          <params>
            <param index="0">
              <value>
                <![CDATA[{password=Password@123, productInput=ADIDAS ORIGINAL, email=dummyus@gmail.com}]]>
              </value>
            </param>
          </params>
          <exception class="org.openqa.selenium.TimeoutException">
            <message>
              <![CDATA[Expected condition failed: waiting for visibility of all elements located by By.xpath: //div[contains(@class,'md-0 ')] (tried for 10 second(s) with 500 milliseconds interval)
Build info: version: '4.4.0', revision: 'e5c75ed026a'
System info: host: 'HOME_LAPTOP', ip: '192.168.157.194', os.name: 'Windows 11', os.arch: 'amd64', os.version: '10.0', java.version: '1.8.0_341'
Driver info: org.openqa.selenium.chrome.ChromeDriver
Capabilities {acceptInsecureCerts: false, browserName: chrome, browserVersion: 106.0.5249.119, chrome: {chromedriverVersion: 106.0.5249.61 (511755355844..., userDataDir: C:\Users\AISHWA~1\AppData\L...}, goog:chromeOptions: {debuggerAddress: localhost:51177}, networkConnectionEnabled: false, pageLoadStrategy: normal, platformName: WINDOWS, proxy: Proxy(), se:cdp: ws://localhost:51177/devtoo..., se:cdpVersion: 106.0.5249.119, setWindowRect: true, strictFileInteractability: false, timeouts: {implicit: 0, pageLoad: 300000, script: 30000}, unhandledPromptBehavior: dismiss and notify, webauthn:extension:credBlob: true, webauthn:extension:largeBlob: true, webauthn:virtualAuthenticators: true}
Session ID: 259544e384bae000d48e2a653215793a]]>
            </message>
            <full-stacktrace>
              <![CDATA[org.openqa.selenium.TimeoutException: Expected condition failed: waiting for visibility of all elements located by By.xpath: //div[contains(@class,'md-0 ')] (tried for 10 second(s) with 500 milliseconds interval)
Build info: version: '4.4.0', revision: 'e5c75ed026a'
System info: host: 'HOME_LAPTOP', ip: '192.168.157.194', os.name: 'Windows 11', os.arch: 'amd64', os.version: '10.0', java.version: '1.8.0_341'
Driver info: org.openqa.selenium.chrome.ChromeDriver
Capabilities {acceptInsecureCerts: false, browserName: chrome, browserVersion: 106.0.5249.119, chrome: {chromedriverVersion: 106.0.5249.61 (511755355844..., userDataDir: C:\Users\AISHWA~1\AppData\L...}, goog:chromeOptions: {debuggerAddress: localhost:51177}, networkConnectionEnabled: false, pageLoadStrategy: normal, platformName: WINDOWS, proxy: Proxy(), se:cdp: ws://localhost:51177/devtoo..., se:cdpVersion: 106.0.5249.119, setWindowRect: true, strictFileInteractability: false, timeouts: {implicit: 0, pageLoad: 300000, script: 30000}, unhandledPromptBehavior: dismiss and notify, webauthn:extension:credBlob: true, webauthn:extension:largeBlob: true, webauthn:virtualAuthenticators: true}
Session ID: 259544e384bae000d48e2a653215793a
at org.openqa.selenium.support.ui.WebDriverWait.timeoutException(WebDriverWait.java:87)
at org.openqa.selenium.support.ui.FluentWait.until(FluentWait.java:231)
at wealus.FrameWorkDevelopment.commonComponents.commonMethods.waituntilElementsToBeVisible(commonMethods.java:24)
at wealus.FrameWorkDevelopment.pageObjects.ProductsHomePage.getProducts(ProductsHomePage.java:41)
at wealus.FrameWorkDevelopment.FrameWork.AddingPoductToCart(FrameWork.java:36)
at sun.reflect.NativeMethodAccessorImpl.invoke0(Native Method)
at sun.reflect.NativeMethodAccessorImpl.invoke(NativeMethodAccessorImpl.java:62)
at sun.reflect.DelegatingMethodAccessorImpl.invoke(DelegatingMethodAccessorImpl.java:43)
at java.lang.reflect.Method.invoke(Method.java:498)
at org.testng.internal.MethodInvocationHelper.invokeMethod(MethodInvocationHelper.java:124)
at org.testng.internal.Invoker.invokeMethod(Invoker.java:583)
at org.testng.internal.Invoker.invokeTestMethod(Invoker.java:719)
at org.testng.internal.Invoker.invokeTestMethods(Invoker.java:989)
at org.testng.internal.TestMethodWorker.invokeTestMethods(TestMethodWorker.java:125)
at org.testng.internal.TestMethodWorker.run(TestMethodWorker.java:109)
at org.testng.TestRunner.privateRun(TestRunner.java:648)
at org.testng.TestRunner.run(TestRunner.java:505)
at org.testng.SuiteRunner.runTest(SuiteRunner.java:455)
at org.testng.SuiteRunner.runSequentially(SuiteRunner.java:450)
at org.testng.SuiteRunner.privateRun(SuiteRunner.java:415)
at org.testng.SuiteRunner.run(SuiteRunner.java:364)
at org.testng.SuiteRunnerWorker.runSuite(SuiteRunnerWorker.java:52)
at org.testng.SuiteRunnerWorker.run(SuiteRunnerWorker.java:84)
at org.testng.TestNG.runSuitesSequentially(TestNG.java:1208)
at org.testng.TestNG.runSuitesLocally(TestNG.java:1137)
at org.testng.TestNG.runSuites(TestNG.java:1049)
at org.testng.TestNG.run(TestNG.java:1017)
at org.testng.remote.AbstractRemoteTestNG.run(AbstractRemoteTestNG.java:115)
at org.testng.remote.RemoteTestNG.initAndRun(RemoteTestNG.java:251)
at org.testng.remote.RemoteTestNG.main(RemoteTestNG.java:77)
]]>
            </full-stacktrace>
          </exception> <!-- org.openqa.selenium.TimeoutException -->
          <reporter-output>
          </reporter-output>
        </test-method> <!-- AddingPoductToCart -->
        <test-method status="PASS" signature="closeBrowser()[pri:0, instance:wealus.FrameWorkDevelopment.FrameWork@2a54a73f]" name="closeBrowser" is-config="true" duration-ms="16251" started-at="2022-10-18T15:42:19Z" finished-at="2022-10-18T15:42:36Z">
          <reporter-output>
          </reporter-output>
        </test-method> <!-- closeBrowser -->
        <test-method status="SKIP" signature="verifyOrderHistory()[pri:0, instance:wealus.FrameWorkDevelopment.FrameWork@2a54a73f]" name="verifyOrderHistory" duration-ms="0" started-at="2022-10-18T15:42:36Z" depends-on-methods="wealus.FrameWorkDevelopment.FrameWork.AddingPoductToCart" finished-at="2022-10-18T15:42:36Z">
          <exception class="java.lang.Throwable">
            <message>
              <![CDATA[Method FrameWork.verifyOrderHistory()[pri:0, instance:wealus.FrameWorkDevelopment.FrameWork@2a54a73f] depends on not successfully finished methods]]>
            </message>
            <full-stacktrace>
              <![CDATA[java.lang.Throwable: Method FrameWork.verifyOrderHistory()[pri:0, instance:wealus.FrameWorkDevelopment.FrameWork@2a54a73f] depends on not successfully finished methods
at org.testng.internal.Invoker.invokeTestMethods(Invoker.java:888)
at org.testng.internal.TestMethodWorker.invokeTestMethods(TestMethodWorker.java:125)
at org.testng.internal.TestMethodWorker.run(TestMethodWorker.java:109)
at org.testng.TestRunner.privateRun(TestRunner.java:648)
at org.testng.TestRunner.run(TestRunner.java:505)
at org.testng.SuiteRunner.runTest(SuiteRunner.java:455)
at org.testng.SuiteRunner.runSequentially(SuiteRunner.java:450)
at org.testng.SuiteRunner.privateRun(SuiteRunner.java:415)
at org.testng.SuiteRunner.run(SuiteRunner.java:364)
at org.testng.SuiteRunnerWorker.runSuite(SuiteRunnerWorker.java:52)
at org.testng.SuiteRunnerWorker.run(SuiteRunnerWorker.java:84)
at org.testng.TestNG.runSuitesSequentially(TestNG.java:1208)
at org.testng.TestNG.runSuitesLocally(TestNG.java:1137)
at org.testng.TestNG.runSuites(TestNG.java:1049)
at org.testng.TestNG.run(TestNG.java:1017)
at org.testng.remote.AbstractRemoteTestNG.run(AbstractRemoteTestNG.java:115)
at org.testng.remote.RemoteTestNG.initAndRun(RemoteTestNG.java:251)
at org.testng.remote.RemoteTestNG.main(RemoteTestNG.java:77)
]]>
            </full-stacktrace>
          </exception> <!-- java.lang.Throwable -->
          <reporter-output>
          </reporter-output>
        </test-method> <!-- verifyOrderHistory -->
      </class> <!-- wealus.FrameWorkDevelopment.FrameWork -->
    </test> <!-- FrameWork -->
    <test name="ErrorValidation" duration-ms="55877" started-at="2022-10-18T15:42:36Z" finished-at="2022-10-18T15:43:32Z">
      <class name="wealus.FrameWorkDevelopment.ErrorValidation">
        <test-method status="PASS" signature="launchApplication()[pri:0, instance:wealus.FrameWorkDevelopment.ErrorValidation@7e7be63f]" name="launchApplication" is-config="true" duration-ms="3421" started-at="2022-10-18T15:42:36Z" finished-at="2022-10-18T15:42:39Z">
          <reporter-output>
          </reporter-output>
        </test-method> <!-- launchApplication -->
        <test-method status="FAIL" signature="incorrectUserPassedTest(java.util.HashMap)[pri:0, instance:wealus.FrameWorkDevelopment.ErrorValidation@7e7be63f]" name="incorrectUserPassedTest" duration-ms="25290" started-at="2022-10-18T15:42:39Z" data-provider="getData" finished-at="2022-10-18T15:43:05Z">
          <params>
            <param index="0">
              <value>
                <![CDATA[{password=Password@12, email=dummyuser@gmail.com}]]>
              </value>
            </param>
          </params>
          <exception class="org.openqa.selenium.TimeoutException">
            <message>
              <![CDATA[Expected condition failed: waiting for visibility of Proxy element for: DefaultElementLocator 'By.xpath: //*[contains(text(), 'Incorrect email or password.')]' (tried for 10 second(s) with 500 milliseconds interval)]]>
            </message>
            <full-stacktrace>
              <![CDATA[org.openqa.selenium.TimeoutException: Expected condition failed: waiting for visibility of Proxy element for: DefaultElementLocator 'By.xpath: //*[contains(text(), 'Incorrect email or password.')]' (tried for 10 second(s) with 500 milliseconds interval)
at org.openqa.selenium.support.ui.WebDriverWait.timeoutException(WebDriverWait.java:87)
at org.openqa.selenium.support.ui.FluentWait.until(FluentWait.java:231)
at wealus.FrameWorkDevelopment.commonComponents.commonMethods.waitForElemetToBrPresent(commonMethods.java:33)
at wealus.FrameWorkDevelopment.pageObjects.LandingPage.validateErrorMessage(LandingPage.java:38)
at wealus.FrameWorkDevelopment.ErrorValidation.incorrectUserPassedTest(ErrorValidation.java:22)
at sun.reflect.NativeMethodAccessorImpl.invoke0(Native Method)
at sun.reflect.NativeMethodAccessorImpl.invoke(NativeMethodAccessorImpl.java:62)
at sun.reflect.DelegatingMethodAccessorImpl.invoke(DelegatingMethodAccessorImpl.java:43)
at java.lang.reflect.Method.invoke(Method.java:498)
at org.testng.internal.MethodInvocationHelper.invokeMethod(MethodInvocationHelper.java:124)
at org.testng.internal.Invoker.invokeMethod(Invoker.java:583)
at org.testng.internal.Invoker.invokeTestMethod(Invoker.java:719)
at org.testng.internal.Invoker.invokeTestMethods(Invoker.java:989)
at org.testng.internal.TestMethodWorker.invokeTestMethods(TestMethodWorker.java:125)
at org.testng.internal.TestMethodWorker.run(TestMethodWorker.java:109)
at org.testng.TestRunner.privateRun(TestRunner.java:648)
at org.testng.TestRunner.run(TestRunner.java:505)
at org.testng.SuiteRunner.runTest(SuiteRunner.java:455)
at org.testng.SuiteRunner.runSequentially(SuiteRunner.java:450)
at org.testng.SuiteRunner.privateRun(SuiteRunner.java:415)
at org.testng.SuiteRunner.run(SuiteRunner.java:364)
at org.testng.SuiteRunnerWorker.runSuite(SuiteRunnerWorker.java:52)
at org.testng.SuiteRunnerWorker.run(SuiteRunnerWorker.java:84)
at org.testng.TestNG.runSuitesSequentially(TestNG.java:1208)
at org.testng.TestNG.runSuitesLocally(TestNG.java:1137)
at org.testng.TestNG.runSuites(TestNG.java:1049)
at org.testng.TestNG.run(TestNG.java:1017)
at org.testng.remote.AbstractRemoteTestNG.run(AbstractRemoteTestNG.java:115)
at org.testng.remote.RemoteTestNG.initAndRun(RemoteTestNG.java:251)
at org.testng.remote.RemoteTestNG.main(RemoteTestNG.java:77)
Caused by: org.openqa.selenium.NoSuchElementException: no such element: Unable to locate element: {"method":"xpath","selector":"//*[contains(text(), 'Incorrect email or password.')]"}
  (Session info: chrome=106.0.5249.119)
For documentation on this error, please visit: https://selenium.dev/exceptions/#no_such_element
Build info: version: '4.4.0', revision: 'e5c75ed026a'
System info: host: 'HOME_LAPTOP', ip: '192.168.157.194', os.name: 'Windows 11', os.arch: 'amd64', os.version: '10.0', java.version: '1.8.0_341'
Driver info: org.openqa.selenium.chrome.ChromeDriver
Command: [5c9efb72d999e636b6812670f14553ed, findElement {using=xpath, value=//*[contains(text(), 'Incorrect email or password.')]}]
Capabilities {acceptInsecureCerts: false, browserName: chrome, browserVersion: 106.0.5249.119, chrome: {chromedriverVersion: 106.0.5249.61 (511755355844..., userDataDir: C:\Users\AISHWA~1\AppData\L...}, goog:chromeOptions: {debuggerAddress: localhost:51214}, networkConnectionEnabled: false, pageLoadStrategy: normal, platformName: WINDOWS, proxy: Proxy(), se:cdp: ws://localhost:51214/devtoo..., se:cdpVersion: 106.0.5249.119, setWindowRect: true, strictFileInteractability: false, timeouts: {implicit: 0, pageLoad: 300000, script: 30000}, unhandledPromptBehavior: dismiss and notify, webauthn:extension:credBlob: true, webauthn:extension:largeBlob: true, webauthn:virtualAuthenticators: true}
Session ID: 5c9efb72d999e636b6812670f14553ed
at sun.reflect.NativeConstructorAccessorImpl.newInstance0(Native Method)
at sun.reflect.NativeConstructorAccessorImpl.newInstance(NativeConstructorAccessorImpl.java:62)
at sun.reflect.DelegatingConstructorAccessorImpl.newInstance(DelegatingConstructorAccessorImpl.java:45)
at java.lang.reflect.Constructor.newInstance(Constructor.java:423)
at org.openqa.selenium.remote.codec.w3c.W3CHttpResponseCodec.createException(W3CHttpResponseCodec.java:200)
at org.openqa.selenium.remote.codec.w3c.W3CHttpResponseCodec.decode(W3CHttpResponseCodec.java:133)
at org.openqa.selenium.remote.codec.w3c.W3CHttpResponseCodec.decode(W3CHttpResponseCodec.java:53)
at org.openqa.selenium.remote.HttpCommandExecutor.execute(HttpCommandExecutor.java:184)
at org.openqa.selenium.remote.service.DriverCommandExecutor.invokeExecute(DriverCommandExecutor.java:167)
at org.openqa.selenium.remote.service.DriverCommandExecutor.execute(DriverCommandExecutor.java:142)
at org.openqa.selenium.remote.RemoteWebDriver.execute(RemoteWebDriver.java:547)
at org.openqa.selenium.remote.ElementLocation$ElementFinder$2.findElement(ElementLocation.java:162)
at org.openqa.selenium.remote.ElementLocation.findElement(ElementLocation.java:60)
at org.openqa.selenium.remote.RemoteWebDriver.findElement(RemoteWebDriver.java:365)
at org.openqa.selenium.remote.RemoteWebDriver.findElement(RemoteWebDriver.java:357)
at org.openqa.selenium.support.pagefactory.DefaultElementLocator.findElement(DefaultElementLocator.java:70)
at org.openqa.selenium.support.pagefactory.internal.LocatingElementHandler.invoke(LocatingElementHandler.java:39)
at com.sun.proxy.$Proxy17.isDisplayed(Unknown Source)
at org.openqa.selenium.support.ui.ExpectedConditions.elementIfVisible(ExpectedConditions.java:307)
at org.openqa.selenium.support.ui.ExpectedConditions.access$000(ExpectedConditions.java:40)
at org.openqa.selenium.support.ui.ExpectedConditions$10.apply(ExpectedConditions.java:293)
at org.openqa.selenium.support.ui.ExpectedConditions$10.apply(ExpectedConditions.java:290)
at org.openqa.selenium.support.ui.FluentWait.until(FluentWait.java:208)
... 28 more
]]>
            </full-stacktrace>
          </exception> <!-- org.openqa.selenium.TimeoutException -->
          <reporter-output>
          </reporter-output>
        </test-method> <!-- incorrectUserPassedTest -->
        <test-method status="PASS" signature="closeBrowser()[pri:0, instance:wealus.FrameWorkDevelopment.ErrorValidation@7e7be63f]" name="closeBrowser" is-config="true" duration-ms="16275" started-at="2022-10-18T15:43:05Z" finished-at="2022-10-18T15:43:21Z">
          <reporter-output>
          </reporter-output>
        </test-method> <!-- closeBrowser -->
        <test-method status="PASS" signature="launchApplication()[pri:0, instance:wealus.FrameWorkDevelopment.ErrorValidation@7e7be63f]" name="launchApplication" is-config="true" duration-ms="3502" started-at="2022-10-18T15:43:21Z" finished-at="2022-10-18T15:43:25Z">
          <reporter-output>
          </reporter-output>
        </test-method> <!-- launchApplication -->
        <test-method status="FAIL" signature="productValidationError(java.util.HashMap)[pri:0, instance:wealus.FrameWorkDevelopment.ErrorValidation@7e7be63f]" name="productValidationError" duration-ms="6834" started-at="2022-10-18T15:43:25Z" data-provider="getData1" finished-at="2022-10-18T15:43:31Z">
          <params>
            <param index="0">
              <value>
                <![CDATA[{password=Password@123, correctInput=ADIDAS ORIGINAL, wrongInput=ADIDAS ORIGINA, email=dummyuser@gmail.com}]]>
              </value>
            </param>
          </params>
          <exception class="java.lang.AssertionError">
            <message>
              <![CDATA[expected [true] but found [false]]]>
            </message>
            <full-stacktrace>
              <![CDATA[java.lang.AssertionError: expected [true] but found [false]
at org.testng.Assert.fail(Assert.java:96)
at org.testng.Assert.failNotEquals(Assert.java:776)
at org.testng.Assert.assertTrue(Assert.java:44)
at org.testng.Assert.assertTrue(Assert.java:54)
at wealus.FrameWorkDevelopment.ErrorValidation.productValidationError(ErrorValidation.java:35)
at sun.reflect.NativeMethodAccessorImpl.invoke0(Native Method)
at sun.reflect.NativeMethodAccessorImpl.invoke(NativeMethodAccessorImpl.java:62)
at sun.reflect.DelegatingMethodAccessorImpl.invoke(DelegatingMethodAccessorImpl.java:43)
at java.lang.reflect.Method.invoke(Method.java:498)
at org.testng.internal.MethodInvocationHelper.invokeMethod(MethodInvocationHelper.java:124)
at org.testng.internal.Invoker.invokeMethod(Invoker.java:583)
at org.testng.internal.Invoker.invokeTestMethod(Invoker.java:719)
at org.testng.internal.Invoker.invokeTestMethods(Invoker.java:989)
at org.testng.internal.TestMethodWorker.invokeTestMethods(TestMethodWorker.java:125)
at org.testng.internal.TestMethodWorker.run(TestMethodWorker.java:109)
at org.testng.TestRunner.privateRun(TestRunner.java:648)
at org.testng.TestRunner.run(TestRunner.java:505)
at org.testng.SuiteRunner.runTest(SuiteRunner.java:455)
at org.testng.SuiteRunner.runSequentially(SuiteRunner.java:450)
at org.testng.SuiteRunner.privateRun(SuiteRunner.java:415)
at org.testng.SuiteRunner.run(SuiteRunner.java:364)
at org.testng.SuiteRunnerWorker.runSuite(SuiteRunnerWorker.java:52)
at org.testng.SuiteRunnerWorker.run(SuiteRunnerWorker.java:84)
at org.testng.TestNG.runSuitesSequentially(TestNG.java:1208)
at org.testng.TestNG.runSuitesLocally(TestNG.java:1137)
at org.testng.TestNG.runSuites(TestNG.java:1049)
at org.testng.TestNG.run(TestNG.java:1017)
at org.testng.remote.AbstractRemoteTestNG.run(AbstractRemoteTestNG.java:115)
at org.testng.remote.RemoteTestNG.initAndRun(RemoteTestNG.java:251)
at org.testng.remote.RemoteTestNG.main(RemoteTestNG.java:77)
]]>
            </full-stacktrace>
          </exception> <!-- java.lang.AssertionError -->
          <reporter-output>
          </reporter-output>
        </test-method> <!-- productValidationError -->
        <test-method status="PASS" signature="closeBrowser()[pri:0, instance:wealus.FrameWorkDevelopment.ErrorValidation@7e7be63f]" name="closeBrowser" is-config="true" duration-ms="45" started-at="2022-10-18T15:43:32Z" finished-at="2022-10-18T15:43:32Z">
          <reporter-output>
          </reporter-output>
        </test-method> <!-- closeBrowser -->
      </class> <!-- wealus.FrameWorkDevelopment.ErrorValidation -->
    </test> <!-- ErrorValidation -->
  </suite> <!-- Suite -->
</testng-results>
